=== Phase 1: Search, Filter, and Collect ===

Total cell lines in file : 390
Already processed        : 0
Queued for this run      : 390

[1/390] NCIH211 (lung) — searching...
[1/390] NCIH211 (lung) — 0 found, 0 passed triage, 0 with full text
[2/390] LU99 (lung) — searching...
[2/390] LU99 (lung) — 1 found, 1 passed triage, 0 with full text
[3/390] HCC827 (lung) — searching...
[3/390] HCC827 (lung) — 8 found, 8 passed triage, 7 with full text
[4/390] NCIH460 (lung) — searching...
[4/390] NCIH460 (lung) — 20 found, 20 passed triage, 11 with full text
[5/390] HCC44 (lung) — searching...
[5/390] HCC44 (lung) — 1 found, 1 passed triage, 1 with full text
[6/390] NCIH1792 (lung) — searching...
[6/390] NCIH1792 (lung) — 1 found, 1 passed triage, 0 with full text
[7/390] NCIH2087 (lung) — searching...
[7/390] NCIH2087 (lung) — 0 found, 0 passed triage, 0 with full text
[8/390] LK2 (lung) — searching...
[8/390] LK2 (lung) — 0 found, 0 passed triage, 0 with full text
[9/390] NCIH2887 (lung) — searching...
[9/390] NCIH2887 (lung) — 0 found, 0 passed triage, 0 with full text
[10/390] NCIH82 (lung) — searching...
[10/390] NCIH82 (lung) — 15 found, 14 passed triage, 2 with full text
[11/390] NCIH1299 (lung) — searching...
[11/390] NCIH1299 (lung) — 20 found, 20 passed triage, 12 with full text
[12/390] NCIH2122 (lung) — searching...
[12/390] NCIH2122 (lung) — 0 found, 0 passed triage, 0 with full text
[13/390] MSTO211H (lung) — searching...
[13/390] MSTO211H (lung) — 6 found, 6 passed triage, 4 with full text
[14/390] CORL23 (lung) — searching...
[14/390] CORL23 (lung) — 1 found, 1 passed triage, 0 with full text
[15/390] NCIH1581 (lung) — searching...
[15/390] NCIH1581 (lung) — 2 found, 2 passed triage, 2 with full text
[16/390] A549 (lung) — searching...
[16/390] A549 (lung) — 20 found, 15 passed triage, 9 with full text
[17/390] LCLC97TM1 (lung) — searching...
[17/390] LCLC97TM1 (lung) — 1 found, 1 passed triage, 0 with full text
[18/390] NCIH2170 (lung) — searching...
[18/390] NCIH2170 (lung) — 2 found, 2 passed triage, 2 with full text
[19/390] NCIH2171 (lung) — searching...
[19/390] NCIH2171 (lung) — 0 found, 0 passed triage, 0 with full text
[20/390] LU65 (lung) — searching...
[20/390] LU65 (lung) — 6 found, 6 passed triage, 2 with full text
[21/390] COLO699 (lung) — searching...
[21/390] COLO699 (lung) — 0 found, 0 passed triage, 0 with full text
[22/390] NCIH1339 (lung) — searching...
[22/390] NCIH1339 (lung) — 0 found, 0 passed triage, 0 with full text
[23/390] HCC2429 (lung) — searching...
[23/390] HCC2429 (lung) — 1 found, 1 passed triage, 1 with full text
[24/390] HCC1359 (lung) — searching...
[24/390] HCC1359 (lung) — 0 found, 0 passed triage, 0 with full text
[25/390] NCIH23 (lung) — searching...
[25/390] NCIH23 (lung) — 19 found, 18 passed triage, 12 with full text
[26/390] NCIH1944 (lung) — searching...
[26/390] NCIH1944 (lung) — 0 found, 0 passed triage, 0 with full text
[27/390] NCIH1975 (lung) — searching...
[27/390] NCIH1975 (lung) — 20 found, 19 passed triage, 15 with full text
[28/390] NCIH446 (lung) — searching...
[28/390] NCIH446 (lung) — 13 found, 13 passed triage, 10 with full text
[29/390] RERFLCAI (lung) — searching...
[29/390] RERFLCAI (lung) — 0 found, 0 passed triage, 0 with full text
[30/390] CORL311 (lung) — searching...
[30/390] CORL311 (lung) — 0 found, 0 passed triage, 0 with full text
[31/390] SW1271 (lung) — searching...
[31/390] SW1271 (lung) — 1 found, 1 passed triage, 0 with full text
[32/390] ISTMES2 (lung) — searching...
[32/390] ISTMES2 (lung) — 1 found, 0 passed triage, 0 with full text
[33/390] CAL12T (lung) — searching...
[33/390] CAL12T (lung) — 0 found, 0 passed triage, 0 with full text
[34/390] HCC95 (lung) — searching...
[34/390] HCC95 (lung) — 0 found, 0 passed triage, 0 with full text
[35/390] NCIH1568 (lung) — searching...
[35/390] NCIH1568 (lung) — 1 found, 1 passed triage, 0 with full text
[36/390] DMS53 (lung) — searching...
[36/390] DMS53 (lung) — 1 found, 1 passed triage, 0 with full text
[37/390] MORCPR (lung) — searching...
[37/390] MORCPR (lung) — 0 found, 0 passed triage, 0 with full text
[38/390] NCIH3122 (lung) — searching...
[38/390] NCIH3122 (lung) — 2 found, 1 passed triage, 1 with full text
[39/390] NCIH522 (lung) — searching...
[39/390] NCIH522 (lung) — 1 found, 1 passed triage, 1 with full text
[40/390] NCIH2023 (lung) — searching...
  [ERROR] esearch failed for NCIH2023: 429 Client Error: Too Many Requests for url: https://eutils.ncbi.nlm.nih.gov/entrez/eutils/esearch.fcgi?db=pubmed&term=%28%22NCIH-2023%22+OR+%22NCI-H2023%22+OR+%22NCIH2023%22+OR+%22H2023%22%29+AND+%28MYC+OR+c-MYC+OR+%22MYC+amplification%22+OR+%22MYC-driven%22+OR+%22N-MYC%22+OR+MYCN+OR+%22L-MYC%22+OR+MYCL%29&retmode=json&retmax=20&sort=relevance
[40/390] NCIH2023 (lung) — 0 found, 0 passed triage, 0 with full text
[41/390] SCLC22H (lung) — searching...
  [ERROR] efetch failed for SCLC22H: 429 Client Error: Too Many Requests for url: https://eutils.ncbi.nlm.nih.gov/entrez/eutils/efetch.fcgi?db=pubmed&id=3028617&retmode=xml
[41/390] SCLC22H (lung) — 1 found, 0 passed triage, 0 with full text
[42/390] A427 (lung) — searching...
[42/390] A427 (lung) — 4 found, 4 passed triage, 0 with full text
[43/390] DMS273 (lung) — searching...
  [ERROR] efetch failed for DMS273: 429 Client Error: Too Many Requests for url: https://eutils.ncbi.nlm.nih.gov/entrez/eutils/efetch.fcgi?db=pubmed&id=33482073&retmode=xml
[43/390] DMS273 (lung) — 1 found, 0 passed triage, 0 with full text
[44/390] NCIH1437 (lung) — searching...
  [ERROR] esearch failed for NCIH1437: 429 Client Error: Too Many Requests for url: https://eutils.ncbi.nlm.nih.gov/entrez/eutils/esearch.fcgi?db=pubmed&term=%28%22NCIH-1437%22+OR+%22NCI-H1437%22+OR+%22NCIH1437%22+OR+%22H1437%22%29+AND+%28MYC+OR+c-MYC+OR+%22MYC+amplification%22+OR+%22MYC-driven%22+OR+%22N-MYC%22+OR+MYCN+OR+%22L-MYC%22+OR+MYCL%29&retmode=json&retmax=20&sort=relevance
[44/390] NCIH1437 (lung) — 0 found, 0 passed triage, 0 with full text
[45/390] NCIH524 (lung) — searching...
[45/390] NCIH524 (lung) — 0 found, 0 passed triage, 0 with full text
[46/390] LXF289 (lung) — searching...
  [ERROR] esearch failed for LXF289: 429 Client Error: Too Many Requests for url: https://eutils.ncbi.nlm.nih.gov/entrez/eutils/esearch.fcgi?db=pubmed&term=%28%22LXF289%22+OR+%22LXF-289%22%29+AND+%28MYC+OR+c-MYC+OR+%22MYC+amplification%22+OR+%22MYC-driven%22+OR+%22N-MYC%22+OR+MYCN+OR+%22L-MYC%22+OR+MYCL%29&retmode=json&retmax=20&sort=relevance
[46/390] LXF289 (lung) — 0 found, 0 passed triage, 0 with full text
[47/390] NCIH647 (lung) — searching...
  [ERROR] esearch failed for NCIH647: 429 Client Error: Too Many Requests for url: https://eutils.ncbi.nlm.nih.gov/entrez/eutils/esearch.fcgi?db=pubmed&term=%28%22NCI-H647%22+OR+%22NCIH647%22+OR+%22NCIH-647%22+OR+%22H647%22%29+AND+%28MYC+OR+c-MYC+OR+%22MYC+amplification%22+OR+%22MYC-driven%22+OR+%22N-MYC%22+OR+MYCN+OR+%22L-MYC%22+OR+MYCL%29&retmode=json&retmax=20&sort=relevance
[47/390] NCIH647 (lung) — 0 found, 0 passed triage, 0 with full text
[48/390] NCIH2882 (lung) — searching...
[48/390] NCIH2882 (lung) — 0 found, 0 passed triage, 0 with full text
[49/390] MERO82 (lung) — searching...
  [ERROR] esearch failed for MERO82: 429 Client Error: Too Many Requests for url: https://eutils.ncbi.nlm.nih.gov/entrez/eutils/esearch.fcgi?db=pubmed&term=%28%22MERO82%22+OR+%22MERO-82%22%29+AND+%28MYC+OR+c-MYC+OR+%22MYC+amplification%22+OR+%22MYC-driven%22+OR+%22N-MYC%22+OR+MYCN+OR+%22L-MYC%22+OR+MYCL%29&retmode=json&retmax=20&sort=relevance
[49/390] MERO82 (lung) — 0 found, 0 passed triage, 0 with full text
[50/390] NCIH1048 (lung) — searching...
[50/390] NCIH1048 (lung) — 2 found, 2 passed triage, 1 with full text
[51/390] HCC2450 (lung) — searching...
[51/390] HCC2450 (lung) — 0 found, 0 passed triage, 0 with full text
[52/390] NCIH1915 (lung) — searching...
[52/390] NCIH1915 (lung) — 0 found, 0 passed triage, 0 with full text
[53/390] EBC1 (lung) — searching...
[53/390] EBC1 (lung) — 0 found, 0 passed triage, 0 with full text
[54/390] CORL279 (lung) — searching...
[54/390] CORL279 (lung) — 0 found, 0 passed triage, 0 with full text
[55/390] NCIH2291 (lung) — searching...
[55/390] NCIH2291 (lung) — 0 found, 0 passed triage, 0 with full text
[56/390] HCC15 (lung) — searching...
[56/390] HCC15 (lung) — 0 found, 0 passed triage, 0 with full text
[57/390] LUDLU1 (lung) — searching...
[57/390] LUDLU1 (lung) — 0 found, 0 passed triage, 0 with full text
[58/390] HARA (lung) — searching...
[58/390] HARA (lung) — 20 found, 0 passed triage, 0 with full text
[59/390] LC1SQSF (lung) — searching...
[59/390] LC1SQSF (lung) — 0 found, 0 passed triage, 0 with full text
[60/390] NCIH1341 (lung) — searching...
[60/390] NCIH1341 (lung) — 0 found, 0 passed triage, 0 with full text
[61/390] NCIH1373 (lung) — searching...
[61/390] NCIH1373 (lung) — 1 found, 1 passed triage, 1 with full text
[62/390] NCIH1435 (lung) — searching...
  [ERROR] esearch failed for NCIH1435: 429 Client Error: Too Many Requests for url: https://eutils.ncbi.nlm.nih.gov/entrez/eutils/esearch.fcgi?db=pubmed&term=%28%22NCI-H1435%22+OR+%22NCIH-1435%22+OR+%22NCIH1435%22+OR+%22H1435%22%29+AND+%28MYC+OR+c-MYC+OR+%22MYC+amplification%22+OR+%22MYC-driven%22+OR+%22N-MYC%22+OR+MYCN+OR+%22L-MYC%22+OR+MYCL%29&retmode=json&retmax=20&sort=relevance
[62/390] NCIH1435 (lung) — 0 found, 0 passed triage, 0 with full text
[63/390] NCIH2030 (lung) — searching...
[63/390] NCIH2030 (lung) — 0 found, 0 passed triage, 0 with full text
[64/390] KNS62 (lung) — searching...
  [ERROR] esearch failed for KNS62: 429 Client Error: Too Many Requests for url: https://eutils.ncbi.nlm.nih.gov/entrez/eutils/esearch.fcgi?db=pubmed&term=%28%22KNS62%22+OR+%22KNS-62%22%29+AND+%28MYC+OR+c-MYC+OR+%22MYC+amplification%22+OR+%22MYC-driven%22+OR+%22N-MYC%22+OR+MYCN+OR+%22L-MYC%22+OR+MYCL%29&retmode=json&retmax=20&sort=relevance
[64/390] KNS62 (lung) — 0 found, 0 passed triage, 0 with full text
[65/390] DMS114 (lung) — searching...
  [ERROR] esearch failed for DMS114: 429 Client Error: Too Many Requests for url: https://eutils.ncbi.nlm.nih.gov/entrez/eutils/esearch.fcgi?db=pubmed&term=%28%22DMS114%22+OR+%22DMS-114%22%29+AND+%28MYC+OR+c-MYC+OR+%22MYC+amplification%22+OR+%22MYC-driven%22+OR+%22N-MYC%22+OR+MYCN+OR+%22L-MYC%22+OR+MYCL%29&retmode=json&retmax=20&sort=relevance
[65/390] DMS114 (lung) — 0 found, 0 passed triage, 0 with full text
[66/390] IALM (lung) — searching...
[66/390] IALM (lung) — 0 found, 0 passed triage, 0 with full text
[67/390] HCC2814 (lung) — searching...
  [ERROR] esearch failed for HCC2814: 429 Client Error: Too Many Requests for url: https://eutils.ncbi.nlm.nih.gov/entrez/eutils/esearch.fcgi?db=pubmed&term=%28%22HCC2814%22+OR+%22HCC-2814%22%29+AND+%28MYC+OR+c-MYC+OR+%22MYC+amplification%22+OR+%22MYC-driven%22+OR+%22N-MYC%22+OR+MYCN+OR+%22L-MYC%22+OR+MYCL%29&retmode=json&retmax=20&sort=relevance
[67/390] HCC2814 (lung) — 0 found, 0 passed triage, 0 with full text
[68/390] LU135 (lung) — searching...
  [ERROR] esearch failed for LU135: 429 Client Error: Too Many Requests for url: https://eutils.ncbi.nlm.nih.gov/entrez/eutils/esearch.fcgi?db=pubmed&term=%28%22LU-135%22+OR+%22LU135%22%29+AND+%28MYC+OR+c-MYC+OR+%22MYC+amplification%22+OR+%22MYC-driven%22+OR+%22N-MYC%22+OR+MYCN+OR+%22L-MYC%22+OR+MYCL%29&retmode=json&retmax=20&sort=relevance
[68/390] LU135 (lung) — 0 found, 0 passed triage, 0 with full text
[69/390] SW1573 (lung) — searching...
[69/390] SW1573 (lung) — 0 found, 0 passed triage, 0 with full text
[70/390] SHP77 (lung) — searching...
[70/390] SHP77 (lung) — 0 found, 0 passed triage, 0 with full text
[71/390] HOP62 (lung) — searching...
[71/390] HOP62 (lung) — 0 found, 0 passed triage, 0 with full text
[72/390] NCIH358 (lung) — searching...
[72/390] NCIH358 (lung) — 12 found, 9 passed triage, 7 with full text
[73/390] NCIH1703 (lung) — searching...
[73/390] NCIH1703 (lung) — 3 found, 2 passed triage, 2 with full text
[74/390] NCIH322 (lung) — searching...
  [ERROR] esearch failed for NCIH322: 429 Client Error: Too Many Requests for url: https://eutils.ncbi.nlm.nih.gov/entrez/eutils/esearch.fcgi?db=pubmed&term=%28%22NCI-H322%22+OR+%22H322%22+OR+%22NCIH322%22+OR+%22NCIH-322%22%29+AND+%28MYC+OR+c-MYC+OR+%22MYC+amplification%22+OR+%22MYC-driven%22+OR+%22N-MYC%22+OR+MYCN+OR+%22L-MYC%22+OR+MYCL%29&retmode=json&retmax=20&sort=relevance
[74/390] NCIH322 (lung) — 0 found, 0 passed triage, 0 with full text
[75/390] NCIH28 (lung) — searching...
[75/390] NCIH28 (lung) — 3 found, 3 passed triage, 2 with full text
[76/390] HCC1833 (lung) — searching...
[76/390] HCC1833 (lung) — 0 found, 0 passed triage, 0 with full text
[77/390] NCIH838 (lung) — searching...
[77/390] NCIH838 (lung) — 3 found, 3 passed triage, 2 with full text
[78/390] NCIH1648 (lung) — searching...
[78/390] NCIH1648 (lung) — 0 found, 0 passed triage, 0 with full text
[79/390] NCIH661 (lung) — searching...
[79/390] NCIH661 (lung) — 0 found, 0 passed triage, 0 with full text
[80/390] NCIH1666 (lung) — searching...
[80/390] NCIH1666 (lung) — 0 found, 0 passed triage, 0 with full text
[81/390] NCIH810 (lung) — searching...
[81/390] NCIH810 (lung) — 0 found, 0 passed triage, 0 with full text
[82/390] NCIH2052 (lung) — searching...
53] HCC2814 (lung) — 0 found, 0 passed triage, 0 with full text
[31/353] LU135 (lung) — searching...
[31/353] LU135 (lung) — 0 found, 0 passed triage, 0 with full text
[32/353] SW1573 (lung) — searching...
[32/353] SW1573 (lung) — 0 found, 0 passed triage, 0 with full text
[33/353] SHP77 (lung) — searching...
[33/353] SHP77 (lung) — 0 found, 0 passed triage, 0 with full text
[34/353] HOP62 (lung) — searching...
[34/353] HOP62 (lung) — 0 found, 0 passed triage, 0 with full text
[35/353] NCIH358 (lung) — searching...
[35/353] NCIH358 (lung) — 12 found, 9 passed triage, 7 with full text
[36/353] NCIH1703 (lung) — searching...
[36/353] NCIH1703 (lung) — 3 found, 2 passed triage, 1 with full text
[37/353] NCIH322 (lung) — searching...
[37/353] NCIH322 (lung) — 1 found, 1 passed triage, 0 with full text
[38/353] NCIH28 (lung) — searching...
  [ERROR] efetch failed for NCIH28: 429 Client Error: Too Many Requests for url: https://eutils.ncbi.nlm.nih.gov/entrez/eutils/efetch.fcgi?db=pubmed&id=25335113%2C28960945%2C21701776&retmode=xml
[38/353] NCIH28 (lung) — 3 found, 0 passed triage, 0 with full text
[39/353] HCC1833 (lung) — searching...
  [ERROR] esearch failed for HCC1833: 429 Client Error: Too Many Requests for url: https://eutils.ncbi.nlm.nih.gov/entrez/eutils/esearch.fcgi?db=pubmed&term=%28%22HCC-1833%22+OR+%22HCC1833%22%29+AND+%28MYC+OR+c-MYC+OR+%22MYC+amplification%22+OR+%22MYC-driven%22+OR+%22N-MYC%22+OR+MYCN+OR+%22L-MYC%22+OR+MYCL%29&retmode=json&retmax=20&sort=relevance
[39/353] HCC1833 (lung) — 0 found, 0 passed triage, 0 with full text
[40/353] NCIH838 (lung) — searching...
[40/353] NCIH838 (lung) — 3 found, 3 passed triage, 2 with full text
[41/353] NCIH1648 (lung) — searching...
[41/353] NCIH1648 (lung) — 0 found, 0 passed triage, 0 with full text
[42/353] NCIH661 (lung) — searching...
=== Phase 1: Search, Filter, and Collect ===

Total cell lines in file : 390
Already processed        : 77
Queued for this run      : 313

[1/313] NCIH2023 (lung) — searching...
[1/313] NCIH2023 (lung) — 0 found, 0 passed triage, 0 with full text
[2/313] NCIH1435 (lung) — searching...
[2/313] NCIH1435 (lung) — 1 found, 1 passed triage, 1 with full text
[3/313] KNS62 (lung) — searching...
[3/313] KNS62 (lung) — 0 found, 0 passed triage, 0 with full text
[4/313] DMS114 (lung) — searching...
[4/313] DMS114 (lung) — 0 found, 0 passed triage, 0 with full text
[5/313] NCIH2052 (lung) — searching...
[5/313] NCIH2052 (lung) — 2 found, 2 passed triage, 1 with full text
[6/313] NCIH1793 (lung) — searching...
[6/313] NCIH1793 (lung) — 0 found, 0 passed triage, 0 with full text
[7/313] HCC2108 (lung) — searching...
[7/313] HCC2108 (lung) — 0 found, 0 passed triage, 0 with full text
[8/313] NCIH650 (lung) — searching...
[8/313] NCIH650 (lung) — 0 found, 0 passed triage, 0 with full text
[9/313] NCIH292 (lung) — searching...
[9/313] NCIH292 (lung) — 8 found, 7 passed triage, 7 with full text
[10/313] NCIH1395 (lung) — searching...
[10/313] NCIH1395 (lung) — 0 found, 0 passed triage, 0 with full text
[11/313] NCIH2110 (lung) — searching...
[11/313] NCIH2110 (lung) — 0 found, 0 passed triage, 0 with full text
[12/313] NCIH520 (lung) — searching...
[12/313] NCIH520 (lung) — 4 found, 3 passed triage, 2 with full text
[13/313] CALU3 (lung) — searching...
[13/313] CALU3 (lung) — 7 found, 5 passed triage, 3 with full text
[14/313] NCIH226 (lung) — searching...
[14/313] NCIH226 (lung) — 3 found, 3 passed triage, 2 with full text
[15/313] NCIH727 (lung) — searching...
[15/313] NCIH727 (lung) — 2 found, 2 passed triage, 2 with full text
[16/313] HCC78 (lung) — searching...
[16/313] HCC78 (lung) — 0 found, 0 passed triage, 0 with full text
[17/313] LC1F (lung) — searching...
[17/313] LC1F (lung) — 0 found, 0 passed triage, 0 with full text
[18/313] NCIH1355 (lung) — searching...
[18/313] NCIH1355 (lung) — 1 found, 1 passed triage, 0 with full text
[19/313] NCIH1838 (lung) — searching...
[19/313] NCIH1838 (lung) — 0 found, 0 passed triage, 0 with full text
[20/313] HCC827GR5 (lung) — searching...
[20/313] HCC827GR5 (lung) — 0 found, 0 passed triage, 0 with full text
[21/313] NCIH2172 (lung) — searching...
[21/313] NCIH2172 (lung) — 0 found, 0 passed triage, 0 with full text
[22/313] EPLC272H (lung) — searching...
[22/313] EPLC272H (lung) — 0 found, 0 passed triage, 0 with full text
[23/313] NCIH1650 (lung) — searching...
[23/313] NCIH1650 (lung) — 6 found, 6 passed triage, 6 with full text
[24/313] NCIH1869 (lung) — searching...
[24/313] NCIH1869 (lung) — 0 found, 0 passed triage, 0 with full text
[25/313] HCC364 (lung) — searching...
[25/313] HCC364 (lung) — 0 found, 0 passed triage, 0 with full text
[26/313] SCLC21H (lung) — searching...
[26/313] SCLC21H (lung) — 1 found, 1 passed triage, 0 with full text
[27/313] HCC461 (lung) — searching...
[27/313] HCC461 (lung) — 0 found, 0 passed triage, 0 with full text
[28/313] LO68 (lung) — searching...
[28/313] LO68 (lung) — 0 found, 0 passed triage, 0 with full text
[29/313] HCC515 (lung) — searching...
[29/313] HCC515 (lung) — 0 found, 0 passed triage, 0 with full text
[30/313] DV90 (lung) — searching...
[30/313] DV90 (lung) — 0 found, 0 passed triage, 0 with full text
[31/313] CORL105 (lung) — searching...
[31/313] CORL105 (lung) — 0 found, 0 passed triage, 0 with full text
[32/313] NCIH1755 (lung) — searching...
[32/313] NCIH1755 (lung) — 1 found, 1 passed triage, 1 with full text
[33/313] LOUNH91 (lung) — searching...
[33/313] LOUNH91 (lung) — 0 found, 0 passed triage, 0 with full text
[34/313] ISTMES1 (lung) — searching...
[34/313] ISTMES1 (lung) — 1 found, 0 passed triage, 0 with full text
[35/313] HCC366 (lung) — searching...
[35/313] HCC366 (lung) — 0 found, 0 passed triage, 0 with full text
[36/313] NCIH2081 (lung) — searching...
[36/313] NCIH2081 (lung) — 0 found, 0 passed triage, 0 with full text
[37/313] NCIH2286 (lung) — searching...
[37/313] NCIH2286 (lung) — 0 found, 0 passed triage, 0 with full text
[38/313] MPP89 (lung) — searching...
[38/313] MPP89 (lung) — 1 found, 1 passed triage, 1 with full text
[39/313] NCIH2009 (lung) — searching...
[39/313] NCIH2009 (lung) — 2 found, 2 passed triage, 0 with full text
[40/313] NCIH2126 (lung) — searching...
[40/313] NCIH2126 (lung) — 0 found, 0 passed triage, 0 with full text
[41/313] ABC1 (lung) — searching...
[41/313] ABC1 (lung) — 1 found, 0 passed triage, 0 with full text
[42/313] NCIH1623 (lung) — searching...
[42/313] NCIH1623 (lung) — 0 found, 0 passed triage, 0 with full text
[43/313] NCIH841 (lung) — searching...
[43/313] NCIH841 (lung) — 0 found, 0 passed triage, 0 with full text
[44/313] RERFLCAD2 (lung) — searching...
[44/313] RERFLCAD2 (lung) — 0 found, 0 passed triage, 0 with full text
[45/313] NCIH2452 (lung) — searching...
[45/313] NCIH2452 (lung) — 0 found, 0 passed triage, 0 with full text
[46/313] NCIH1930 (lung) — searching...
[46/313] NCIH1930 (lung) — 0 found, 0 passed triage, 0 with full text
[47/313] MERO95 (lung) — searching...
[47/313] MERO95 (lung) — 0 found, 0 passed triage, 0 with full text
[48/313] NCIH510 (lung) — searching...
[48/313] NCIH510 (lung) — 1 found, 1 passed triage, 0 with full text
[49/313] NCIH1781 (lung) — searching...
[49/313] NCIH1781 (lung) — 0 found, 0 passed triage, 0 with full text
[50/313] NCIH2342 (lung) — searching...
[50/313] NCIH2342 (lung) — 0 found, 0 passed triage, 0 with full text
[51/313] NCIH441 (lung) — searching...
[51/313] NCIH441 (lung) — 4 found, 3 passed triage, 2 with full text
[52/313] NO36 (lung) — searching...
[52/313] NO36 (lung) — 2 found, 0 passed triage, 0 with full text
[53/313] CALU1 (lung) — searching...
[53/313] CALU1 (lung) — 5 found, 5 passed triage, 1 with full text
[54/313] SQ1 (lung) — searching...
[54/313] SQ1 (lung) — 0 found, 0 passed triage, 0 with full text
[55/313] HCC2279 (lung) — searching...
[55/313] HCC2279 (lung) — 0 found, 0 passed triage, 0 with full text
[56/313] NCIH146 (lung) — searching...
[56/313] NCIH146 (lung) — 3 found, 3 passed triage, 1 with full text
[57/313] ACCMESO1 (lung) — searching...
[57/313] ACCMESO1 (lung) — 0 found, 0 passed triage, 0 with full text
[58/313] NCIH1693 (lung) — searching...
[58/313] NCIH1693 (lung) — 0 found, 0 passed triage, 0 with full text
[59/313] PC9 (lung) — searching...
[59/313] PC9 (lung) — 20 found, 19 passed triage, 17 with full text
[60/313] JL1 (lung) — searching...
[60/313] JL1 (lung) — 0 found, 0 passed triage, 0 with full text
[61/313] CHAGOK1 (lung) — searching...
[61/313] CHAGOK1 (lung) — 0 found, 0 passed triage, 0 with full text
[62/313] PC14 (lung) — searching...
[62/313] PC14 (lung) — 0 found, 0 passed triage, 0 with full text
[63/313] HCC1438 (lung) — searching...
[63/313] HCC1438 (lung) — 0 found, 0 passed triage, 0 with full text
[64/313] NCIH2073 (lung) — searching...
[64/313] NCIH2073 (lung) — 0 found, 0 passed triage, 0 with full text
[65/313] NCIH2347 (lung) — searching...
[65/313] NCIH2347 (lung) — 0 found, 0 passed triage, 0 with full text
[66/313] MERO25 (lung) — searching...
[66/313] MERO25 (lung) — 0 found, 0 passed triage, 0 with full text
[67/313] LCLC103H (lung) — searching...
[67/313] LCLC103H (lung) — 1 found, 1 passed triage, 0 with full text
[68/313] ONE58 (lung) — searching...
[68/313] ONE58 (lung) — 0 found, 0 passed triage, 0 with full text
[69/313] HCC1195 (lung) — searching...
[69/313] HCC1195 (lung) — 0 found, 0 passed triage, 0 with full text
[70/313] NCIH1651 (lung) — searching...
[70/313] NCIH1651 (lung) — 1 found, 1 passed triage, 1 with full text
[71/313] NCIH1155 (lung) — searching...
[71/313] NCIH1155 (lung) — 0 found, 0 passed triage, 0 with full text
[72/313] MERO14 (lung) — searching...
[72/313] MERO14 (lung) — 0 found, 0 passed triage, 0 with full text
[73/313] CORL88 (lung) — searching...
[73/313] CORL88 (lung) — 0 found, 0 passed triage, 0 with full text
[74/313] NCIH209 (lung) — searching...
[74/313] NCIH209 (lung) — 10 found, 10 passed triage, 2 with full text
[75/313] DMS454 (lung) — searching...
[75/313] DMS454 (lung) — 0 found, 0 passed triage, 0 with full text
[76/313] SKMES1 (lung) — searching...
[76/313] SKMES1 (lung) — 6 found, 1 passed triage, 0 with full text
[77/313] NCIH2085 (lung) — searching...
[77/313] NCIH2085 (lung) — 0 found, 0 passed triage, 0 with full text
[78/313] EKVX (lung) — searching...
[78/313] EKVX (lung) — 0 found, 0 passed triage, 0 with full text
[79/313] RERFLCSQ1 (lung) — searching...
[79/313] RERFLCSQ1 (lung) — 0 found, 0 passed triage, 0 with full text
[80/313] NCIH1573 (lung) — searching...
[80/313] NCIH1573 (lung) — 0 found, 0 passed triage, 0 with full text
[81/313] T3M10 (lung) — searching...
[81/313] T3M10 (lung) — 0 found, 0 passed triage, 0 with full text
[82/313] HOP92 (lung) — searching...
[82/313] HOP92 (lung) — 0 found, 0 passed triage, 0 with full text
[83/313] NCIH854 (lung) — searching...
[83/313] NCIH854 (lung) — 0 found, 0 passed triage, 0 with full text
[84/313] CALU6 (lung) — searching...
[84/313] CALU6 (lung) — 3 found, 3 passed triage, 1 with full text
[85/313] NCIH1436 (lung) — searching...
[85/313] NCIH1436 (lung) — 0 found, 0 passed triage, 0 with full text
[86/313] NCIH1819 (lung) — searching...
[86/313] NCIH1819 (lung) — 0 found, 0 passed triage, 0 with full text
[87/313] NCIH69 (lung) — searching...
[87/313] NCIH69 (lung) — 18 found, 15 passed triage, 5 with full text
[88/313] RERFLCMS (lung) — searching...
[88/313] RERFLCMS (lung) — 0 found, 0 passed triage, 0 with full text
[89/313] NCIH1694 (lung) — searching...
[89/313] NCIH1694 (lung) — 0 found, 0 passed triage, 0 with full text
[90/313] HCC2935 (lung) — searching...
[90/313] HCC2935 (lung) — 0 found, 0 passed triage, 0 with full text
[91/313] NCIH1184 (lung) — searching...
[91/313] NCIH1184 (lung) — 1 found, 1 passed triage, 1 with full text
[92/313] NCIH2228 (lung) — searching...
[92/313] NCIH2228 (lung) — 0 found, 0 passed triage, 0 with full text
[93/313] MERO83 (lung) — searching...
[93/313] MERO83 (lung) — 0 found, 0 passed triage, 0 with full text
[94/313] NCIH2405 (lung) — searching...
[94/313] NCIH2405 (lung) — 0 found, 0 passed triage, 0 with full text
[95/313] NCIH526 (lung) — searching...
[95/313] NCIH526 (lung) — 4 found, 4 passed triage, 1 with full text
[96/313] NCIH1105 (lung) — searching...
[96/313] NCIH1105 (lung) — 0 found, 0 passed triage, 0 with full text
[97/313] HCC33 (lung) — searching...
[97/313] HCC33 (lung) — 0 found, 0 passed triage, 0 with full text
[98/313] HCC1171 (lung) — searching...
[98/313] HCC1171 (lung) — 0 found, 0 passed triage, 0 with full text
[99/313] NCIH1618 (lung) — searching...
[99/313] NCIH1618 (lung) — 0 found, 0 passed triage, 0 with full text
[100/313] NCIH2029 (lung) — searching...
[100/313] NCIH2029 (lung) — 0 found, 0 passed triage, 0 with full text
[101/313] NCIH1836 (lung) — searching...
[101/313] NCIH1836 (lung) — 0 found, 0 passed triage, 0 with full text
[102/313] NCIH2444 (lung) — searching...
[102/313] NCIH2444 (lung) — 0 found, 0 passed triage, 0 with full text
[103/313] SW900 (lung) — searching...
[103/313] SW900 (lung) — 1 found, 1 passed triage, 0 with full text
[104/313] NCIH889 (lung) — searching...
[104/313] NCIH889 (lung) — 1 found, 1 passed triage, 0 with full text
[105/313] NCIH1734 (lung) — searching...
[105/313] NCIH1734 (lung) — 0 found, 0 passed triage, 0 with full text
[106/313] DMS79 (lung) — searching...
[106/313] DMS79 (lung) — 0 found, 0 passed triage, 0 with full text
[107/313] MERO84 (lung) — searching...
[107/313] MERO84 (lung) — 0 found, 0 passed triage, 0 with full text
[108/313] MERO48A (lung) — searching...
[108/313] MERO48A (lung) — 0 found, 0 passed triage, 0 with full text
[109/313] SBC5 (lung) — searching...
[109/313] SBC5 (lung) — 2 found, 2 passed triage, 1 with full text
[110/313] NCIH1963 (lung) — searching...
[110/313] NCIH1963 (lung) — 0 found, 0 passed triage, 0 with full text
[111/313] NCIH2106 (lung) — searching...
[111/313] NCIH2106 (lung) — 0 found, 0 passed triage, 0 with full text
[112/313] NCIH1876 (lung) — searching...
[112/313] NCIH1876 (lung) — 0 found, 0 passed triage, 0 with full text
[113/313] NCIH596 (lung) — searching...
[113/313] NCIH596 (lung) — 2 found, 2 passed triage, 2 with full text
[114/313] NCIH1385 (lung) — searching...
[114/313] NCIH1385 (lung) — 0 found, 0 passed triage, 0 with full text
[115/313] MERO41 (lung) — searching...
[115/313] MERO41 (lung) — 0 found, 0 passed triage, 0 with full text
[116/313] NCIH1092 (lung) — searching...
[116/313] NCIH1092 (lung) — 0 found, 0 passed triage, 0 with full text
[117/313] COLO668 (lung) — searching...
[117/313] COLO668 (lung) — 0 found, 0 passed triage, 0 with full text
[118/313] HCC4006 (lung) — searching...
[118/313] HCC4006 (lung) — 0 found, 0 passed triage, 0 with full text
[119/313] RERFLCAD1 (lung) — searching...
[119/313] RERFLCAD1 (lung) — 0 found, 0 passed triage, 0 with full text
[120/313] NCIH2227 (lung) — searching...
[120/313] NCIH2227 (lung) — 1 found, 1 passed triage, 1 with full text
[121/313] BEN (lung) — searching...
[121/313] BEN (lung) — 20 found, 1 passed triage, 1 with full text
[122/313] NCIH3255 (lung) — searching...
[122/313] NCIH3255 (lung) — 0 found, 0 passed triage, 0 with full text
[123/313] CORL47 (lung) — searching...
[123/313] CORL47 (lung) — 0 found, 0 passed triage, 0 with full text
[124/313] NCIH1563 (lung) — searching...
[124/313] NCIH1563 (lung) — 0 found, 0 passed triage, 0 with full text
[125/313] DMS153 (lung) — searching...
[125/313] DMS153 (lung) — 0 found, 0 passed triage, 0 with full text
[126/313] NCIH196 (lung) — searching...
[126/313] NCIH196 (lung) — 3 found, 3 passed triage, 1 with full text
[127/313] CORL24 (lung) — searching...
[127/313] CORL24 (lung) — 0 found, 0 passed triage, 0 with full text
[128/313] RERFLCKJ (lung) — searching...
[128/313] RERFLCKJ (lung) — 0 found, 0 passed triage, 0 with full text
[129/313] NCIH2196 (lung) — searching...
[129/313] NCIH2196 (lung) — 0 found, 0 passed triage, 0 with full text
[130/313] CORL95 (lung) — searching...
[130/313] CORL95 (lung) — 0 found, 0 passed triage, 0 with full text
[131/313] COLO320 (colorectal) — searching...
[131/313] COLO320 (colorectal) — 20 found, 10 passed triage, 3 with full text
[132/313] RKO (colorectal) — searching...
[132/313] RKO (colorectal) — 20 found, 20 passed triage, 15 with full text
[133/313] HT29 (colorectal) — searching...
[133/313] HT29 (colorectal) — 20 found, 13 passed triage, 9 with full text
[134/313] NCIH716 (colorectal) — searching...
[134/313] NCIH716 (colorectal) — 1 found, 1 passed triage, 1 with full text
[135/313] SNUC1 (colorectal) — searching...
[135/313] SNUC1 (colorectal) — 0 found, 0 passed triage, 0 with full text
[136/313] SW620 (colorectal) — searching...
[136/313] SW620 (colorectal) — 20 found, 20 passed triage, 9 with full text
[137/313] CCK81 (colorectal) — searching...
[137/313] CCK81 (colorectal) — 0 found, 0 passed triage, 0 with full text
[138/313] KM12 (colorectal) — searching...
[138/313] KM12 (colorectal) — 5 found, 3 passed triage, 2 with full text
[139/313] HT115 (colorectal) — searching...
[139/313] HT115 (colorectal) — 1 found, 0 passed triage, 0 with full text
[140/313] SNUC4 (colorectal) — searching...
[140/313] SNUC4 (colorectal) — 0 found, 0 passed triage, 0 with full text
[141/313] SNU61 (colorectal) — searching...
[141/313] SNU61 (colorectal) — 1 found, 0 passed triage, 0 with full text
[142/313] LS180 (colorectal) — searching...
[142/313] LS180 (colorectal) — 5 found, 5 passed triage, 1 with full text
[143/313] NCIH747 (colorectal) — searching...
[143/313] NCIH747 (colorectal) — 0 found, 0 passed triage, 0 with full text
[144/313] LS513 (colorectal) — searching...
[144/313] LS513 (colorectal) — 2 found, 2 passed triage, 1 with full text
[145/313] SW480 (colorectal) — searching...
  [429] Rate limited — waiting 1.0s before retry 1/6
[145/313] SW480 (colorectal) — 20 found, 20 passed triage, 15 with full text
[146/313] DLD1 (colorectal) — searching...
  [429] Rate limited — waiting 1.0s before retry 1/6
  [429] Rate limited — waiting 1.0s before retry 1/6
  [429] Rate limited — waiting 1.0s before retry 1/6
[146/313] DLD1 (colorectal) — 20 found, 19 passed triage, 10 with full text
[147/313] T84 (colorectal) — searching...
  [429] Rate limited — waiting 1.0s before retry 1/6
[147/313] T84 (colorectal) — 8 found, 6 passed triage, 5 with full text
[148/313] SW837 (colorectal) — searching...
[148/313] SW837 (colorectal) — 5 found, 5 passed triage, 2 with full text
[149/313] HT55 (colorectal) — searching...
[149/313] HT55 (colorectal) — 0 found, 0 passed triage, 0 with full text
[150/313] SW48 (colorectal) — searching...
  [ERROR] efetch failed for SW48: ('Connection aborted.', RemoteDisconnected('Remote end closed connection without response'))
[150/313] SW48 (colorectal) — 7 found, 0 passed triage, 0 with full text
[151/313] SNU407 (colorectal) — searching...
[151/313] SNU407 (colorectal) — 0 found, 0 passed triage, 0 with full text
[152/313] SW403 (colorectal) — searching...
  [429] Rate limited — waiting 1.0s before retry 1/6
  [429] Rate limited — waiting 1.0s before retry 1/6
[152/313] SW403 (colorectal) — 3 found, 3 passed triage, 3 with full text
[153/313] HCT15 (colorectal) — searching...
  [429] Rate limited — waiting 1.0s before retry 1/6
  [429] Rate limited — waiting 1.0s before retry 1/6
[153/313] HCT15 (colorectal) — 19 found, 18 passed triage, 13 with full text
[154/313] GP2D (colorectal) — searching...
  [429] Rate limited — waiting 1.0s before retry 1/6
[154/313] GP2D (colorectal) — 0 found, 0 passed triage, 0 with full text
[155/313] LOVO (colorectal) — searching...
[155/313] LOVO (colorectal) — 20 found, 19 passed triage, 13 with full text
[156/313] CW2 (colorectal) — searching...
[156/313] CW2 (colorectal) — 0 found, 0 passed triage, 0 with full text
[157/313] LS411N (colorectal) — searching...
[157/313] LS411N (colorectal) — 0 found, 0 passed triage, 0 with full text
[158/313] C99 (colorectal) — searching...
[158/313] C99 (colorectal) — 0 found, 0 passed triage, 0 with full text
[159/313] SKCO1 (colorectal) — searching...
[159/313] SKCO1 (colorectal) — 0 found, 0 passed triage, 0 with full text
[160/313] C84 (colorectal) — searching...
[160/313] C84 (colorectal) — 2 found, 0 passed triage, 0 with full text
[161/313] SNU1033 (colorectal) — searching...
[161/313] SNU1033 (colorectal) — 0 found, 0 passed triage, 0 with full text
[162/313] C2BBE1 (colorectal) — searching...
[162/313] C2BBE1 (colorectal) — 0 found, 0 passed triage, 0 with full text
[163/313] SW1417 (colorectal) — searching...
  [429] Rate limited — waiting 1.0s before retry 1/6
[163/313] SW1417 (colorectal) — 1 found, 1 passed triage, 1 with full text
[164/313] SNU503 (colorectal) — searching...
[164/313] SNU503 (colorectal) — 1 found, 0 passed triage, 0 with full text
[165/313] GP5D (colorectal) — searching...
[165/313] GP5D (colorectal) — 0 found, 0 passed triage, 0 with full text
[166/313] C125PM (colorectal) — searching...
[166/313] C125PM (colorectal) — 0 found, 0 passed triage, 0 with full text
[167/313] LS123 (colorectal) — searching...
[167/313] LS123 (colorectal) — 0 found, 0 passed triage, 0 with full text
[168/313] HCC56 (colorectal) — searching...
[168/313] HCC56 (colorectal) — 0 found, 0 passed triage, 0 with full text
[169/313] LS1034 (colorectal) — searching...
[169/313] LS1034 (colorectal) — 2 found, 2 passed triage, 0 with full text
[170/313] HCT116 (colorectal) — searching...
  [429] Rate limited — waiting 1.0s before retry 1/6
  [429] Rate limited — waiting 1.0s before retry 1/6
[170/313] HCT116 (colorectal) — 20 found, 9 passed triage, 6 with full text
[171/313] SW1463 (colorectal) — searching...
  [429] Rate limited — waiting 1.0s before retry 1/6
[171/313] SW1463 (colorectal) — 0 found, 0 passed triage, 0 with full text
[172/313] TT1TKB (colorectal) — searching...
  [429] Rate limited — waiting 1.0s before retry 1/6
[172/313] TT1TKB (colorectal) — 0 found, 0 passed triage, 0 with full text
[173/313] SNUC5 (colorectal) — searching...
[173/313] SNUC5 (colorectal) — 4 found, 0 passed triage, 0 with full text
[174/313] MDST8 (colorectal) — searching...
  [429] Rate limited — waiting 1.0s before retry 1/6
[174/313] MDST8 (colorectal) — 0 found, 0 passed triage, 0 with full text
[175/313] COLO201 (colorectal) — searching...
  [429] Rate limited — waiting 1.0s before retry 1/6
  [429] Rate limited — waiting 1.0s before retry 1/6
[175/313] COLO201 (colorectal) — 3 found, 2 passed triage, 0 with full text
[176/313] SNU1544 (colorectal) — searching...
[176/313] SNU1544 (colorectal) — 0 found, 0 passed triage, 0 with full text
[177/313] SW948 (colorectal) — searching...
[177/313] SW948 (colorectal) — 1 found, 1 passed triage, 1 with full text
[178/313] CL11 (colorectal) — searching...
[178/313] CL11 (colorectal) — 1 found, 0 passed triage, 0 with full text
[179/313] C75 (colorectal) — searching...
[179/313] C75 (colorectal) — 2 found, 0 passed triage, 0 with full text
[180/313] SW626 (colorectal) — searching...
[180/313] SW626 (colorectal) — 3 found, 2 passed triage, 0 with full text
[181/313] RCM1 (colorectal) — searching...
[181/313] RCM1 (colorectal) — 0 found, 0 passed triage, 0 with full text
[182/313] SNU81 (colorectal) — searching...
  [429] Rate limited — waiting 1.0s before retry 1/6
[182/313] SNU81 (colorectal) — 0 found, 0 passed triage, 0 with full text
[183/313] CL34 (colorectal) — searching...
  [429] Rate limited — waiting 1.0s before retry 1/6
[183/313] CL34 (colorectal) — 0 found, 0 passed triage, 0 with full text
[184/313] SNU1040 (colorectal) — searching...
[184/313] SNU1040 (colorectal) — 0 found, 0 passed triage, 0 with full text
[185/313] C80 (colorectal) — searching...
[185/313] C80 (colorectal) — 0 found, 0 passed triage, 0 with full text
[186/313] NCIH508 (colorectal) — searching...
[186/313] NCIH508 (colorectal) — 1 found, 1 passed triage, 0 with full text
[187/313] SNU175 (colorectal) — searching...
[187/313] SNU175 (colorectal) — 0 found, 0 passed triage, 0 with full text
[188/313] SNU283 (colorectal) — searching...
[188/313] SNU283 (colorectal) — 1 found, 0 passed triage, 0 with full text
[189/313] TGBC18TKB (colorectal) — searching...
[189/313] TGBC18TKB (colorectal) — 0 found, 0 passed triage, 0 with full text
[190/313] SW1116 (colorectal) — searching...
  [429] Rate limited — waiting 1.0s before retry 1/6
[190/313] SW1116 (colorectal) — 12 found, 12 passed triage, 7 with full text
[191/313] CACO2 (colorectal) — searching...
  [429] Rate limited — waiting 1.0s before retry 1/6
[191/313] CACO2 (colorectal) — 20 found, 11 passed triage, 6 with full text
[192/313] NCIH684 (colorectal) — searching...
  [429] Rate limited — waiting 1.0s before retry 1/6
[192/313] NCIH684 (colorectal) — 0 found, 0 passed triage, 0 with full text
[193/313] OUMS23 (colorectal) — searching...
  [429] Rate limited — waiting 1.0s before retry 1/6
[193/313] OUMS23 (colorectal) — 1 found, 0 passed triage, 0 with full text
[194/313] ECC4 (colorectal) — searching...
[194/313] ECC4 (colorectal) — 0 found, 0 passed triage, 0 with full text
[195/313] COLO678 (colorectal) — searching...
[195/313] COLO678 (colorectal) — 0 found, 0 passed triage, 0 with full text
[196/313] CL14 (colorectal) — searching...
[196/313] CL14 (colorectal) — 0 found, 0 passed triage, 0 with full text
[197/313] SNU1197 (colorectal) — searching...
[197/313] SNU1197 (colorectal) — 0 found, 0 passed triage, 0 with full text
[198/313] CL40 (colorectal) — searching...
[198/313] CL40 (colorectal) — 0 found, 0 passed triage, 0 with full text
[199/313] SNUC2A (colorectal) — searching...
[199/313] SNUC2A (colorectal) — 0 found, 0 passed triage, 0 with full text
[200/313] C10 (colorectal) — searching...
[200/313] C10 (colorectal) — 11 found, 5 passed triage, 0 with full text
[201/313] HMC18 (breast) — searching...
[201/313] HMC18 (breast) — 0 found, 0 passed triage, 0 with full text
[202/313] AU565 (breast) — searching...
  [429] Rate limited — waiting 1.0s before retry 1/6
[202/313] AU565 (breast) — 5 found, 4 passed triage, 2 with full text
[203/313] HCC1395 (breast) — searching...
  [429] Rate limited — waiting 1.0s before retry 1/6
[203/313] HCC1395 (breast) — 0 found, 0 passed triage, 0 with full text
[204/313] SUM159PT (breast) — searching...
[204/313] SUM159PT (breast) — 3 found, 3 passed triage, 2 with full text
[205/313] EFM19 (breast) — searching...
[205/313] EFM19 (breast) — 0 found, 0 passed triage, 0 with full text
[206/313] SUM229PE (breast) — searching...
  [429] Rate limited — waiting 1.0s before retry 1/6
[206/313] SUM229PE (breast) — 0 found, 0 passed triage, 0 with full text
[207/313] CAL120 (breast) — searching...
[207/313] CAL120 (breast) — 0 found, 0 passed triage, 0 with full text
[208/313] MDAMB436 (breast) — searching...
[208/313] MDAMB436 (breast) — 7 found, 6 passed triage, 3 with full text
[209/313] MDAMB231 (breast) — searching...
  [429] Rate limited — waiting 1.0s before retry 1/6
  [429] Rate limited — waiting 1.0s before retry 1/6
[209/313] MDAMB231 (breast) — 20 found, 17 passed triage, 9 with full text
[210/313] HCC1599 (breast) — searching...
[210/313] HCC1599 (breast) — 0 found, 0 passed triage, 0 with full text
[211/313] BT549 (breast) — searching...
  [429] Rate limited — waiting 1.0s before retry 1/6
  [429] Rate limited — waiting 1.0s before retry 1/6
[211/313] BT549 (breast) — 20 found, 19 passed triage, 11 with full text
[212/313] MCF7 (breast) — searching...
  [429] Rate limited — waiting 1.0s before retry 1/6
  [429] Rate limited — waiting 1.0s before retry 1/6
[212/313] MCF7 (breast) — 20 found, 15 passed triage, 10 with full text
[213/313] SKBR3 (breast) — searching...
  [429] Rate limited — waiting 1.0s before retry 1/6
[213/313] SKBR3 (breast) — 20 found, 10 passed triage, 7 with full text
[214/313] COLO824 (breast) — searching...
  [429] Rate limited — waiting 1.0s before retry 1/6
[214/313] COLO824 (breast) — 0 found, 0 passed triage, 0 with full text
[215/313] HCC1954 (breast) — searching...
  [429] Rate limited — waiting 1.0s before retry 1/6
[215/313] HCC1954 (breast) — 3 found, 3 passed triage, 2 with full text
[216/313] KPL1 (breast) — searching...
  [429] Rate limited — waiting 1.0s before retry 1/6
[216/313] KPL1 (breast) — 1 found, 1 passed triage, 1 with full text
[217/313] MFM223 (breast) — searching...
  [429] Rate limited — waiting 1.0s before retry 1/6
[217/313] MFM223 (breast) — 0 found, 0 passed triage, 0 with full text
[218/313] HCC2157 (breast) — searching...
[218/313] HCC2157 (breast) — 0 found, 0 passed triage, 0 with full text
[219/313] MDAMB453 (breast) — searching...
  [429] Rate limited — waiting 1.0s before retry 1/6
[219/313] MDAMB453 (breast) — 18 found, 17 passed triage, 8 with full text
[220/313] SUM149PT (breast) — searching...
[220/313] SUM149PT (breast) — 2 found, 2 passed triage, 2 with full text
[221/313] T47D (breast) — searching...
[221/313] T47D (breast) — 20 found, 19 passed triage, 10 with full text
[222/313] HCC1187 (breast) — searching...
[222/313] HCC1187 (breast) — 0 found, 0 passed triage, 0 with full text
[223/313] UACC893 (breast) — searching...
[223/313] UACC893 (breast) — 2 found, 1 passed triage, 0 with full text
[224/313] HCC1428 (breast) — searching...
[224/313] HCC1428 (breast) — 1 found, 1 passed triage, 0 with full text
[225/313] HCC1143 (breast) — searching...
[225/313] HCC1143 (breast) — 1 found, 1 passed triage, 1 with full text
[226/313] HCC1569 (breast) — searching...
[226/313] HCC1569 (breast) — 1 found, 1 passed triage, 1 with full text
[227/313] CAL51 (breast) — searching...
[227/313] CAL51 (breast) — 1 found, 1 passed triage, 1 with full text
[228/313] HCC1937 (breast) — searching...
  [429] Rate limited — waiting 1.0s before retry 1/6
[228/313] HCC1937 (breast) — 16 found, 15 passed triage, 13 with full text
[229/313] VP229 (breast) — searching...
[229/313] VP229 (breast) — 0 found, 0 passed triage, 0 with full text
[230/313] SUM1315MO2 (breast) — searching...
[230/313] SUM1315MO2 (breast) — 0 found, 0 passed triage, 0 with full text
[231/313] ZR751 (breast) — searching...
[231/313] ZR751 (breast) — 19 found, 1 passed triage, 1 with full text
[232/313] MDAMB361 (breast) — searching...
  [429] Rate limited — waiting 1.0s before retry 1/6
  [429] Rate limited — waiting 1.0s before retry 1/6
[232/313] MDAMB361 (breast) — 5 found, 3 passed triage, 2 with full text
[233/313] HCC2218 (breast) — searching...
  [429] Rate limited — waiting 1.0s before retry 1/6
[233/313] HCC2218 (breast) — 1 found, 1 passed triage, 1 with full text
[234/313] JIMT1 (breast) — searching...
[234/313] JIMT1 (breast) — 2 found, 1 passed triage, 1 with full text
[235/313] HS578T (breast) — searching...
  [429] Rate limited — waiting 1.0s before retry 1/6
  [429] Rate limited — waiting 1.0s before retry 1/6
  [429] Rate limited — waiting 1.0s before retry 1/6
[235/313] HS578T (breast) — 19 found, 19 passed triage, 13 with full text
[236/313] HCC1419 (breast) — searching...
[236/313] HCC1419 (breast) — 0 found, 0 passed triage, 0 with full text
[237/313] EFM192A (breast) — searching...
[237/313] EFM192A (breast) — 0 found, 0 passed triage, 0 with full text
[238/313] HCC1806 (breast) — searching...
[238/313] HCC1806 (breast) — 5 found, 3 passed triage, 2 with full text
[239/313] MDAMB468 (breast) — searching...
  [429] Rate limited — waiting 1.0s before retry 1/6
  [429] Rate limited — waiting 1.0s before retry 1/6
  [429] Rate limited — waiting 1.0s before retry 1/6
  [429] Rate limited — waiting 1.0s before retry 1/6
[239/313] MDAMB468 (breast) — 20 found, 19 passed triage, 11 with full text
[240/313] CAMA1 (breast) — searching...
[240/313] CAMA1 (breast) — 4 found, 2 passed triage, 0 with full text
[241/313] HCC70 (breast) — searching...
[241/313] HCC70 (breast) — 0 found, 0 passed triage, 0 with full text
[242/313] SUM52PE (breast) — searching...
[242/313] SUM52PE (breast) — 0 found, 0 passed triage, 0 with full text
[243/313] BT474 (breast) — searching...
  [429] Rate limited — waiting 1.0s before retry 1/6
[243/313] BT474 (breast) — 20 found, 16 passed triage, 7 with full text
[244/313] BT20 (breast) — searching...
  [429] Rate limited — waiting 1.0s before retry 1/6
[244/313] BT20 (breast) — 12 found, 12 passed triage, 4 with full text
[245/313] HCC38 (breast) — searching...
[245/313] HCC38 (breast) — 2 found, 1 passed triage, 1 with full text
[246/313] ZR7530 (breast) — searching...
[246/313] ZR7530 (breast) — 1 found, 0 passed triage, 0 with full text
[247/313] MDAMB157 (breast) — searching...
[247/313] MDAMB157 (breast) — 6 found, 5 passed triage, 3 with full text
[248/313] CAL851 (breast) — searching...
[248/313] CAL851 (breast) — 0 found, 0 passed triage, 0 with full text
[249/313] CAL148 (breast) — searching...
[249/313] CAL148 (breast) — 0 found, 0 passed triage, 0 with full text
[250/313] DU4475 (breast) — searching...
[250/313] DU4475 (breast) — 2 found, 1 passed triage, 0 with full text
[251/313] UACC812 (breast) — searching...
[251/313] UACC812 (breast) — 2 found, 1 passed triage, 0 with full text
[252/313] MDAMB415 (breast) — searching...
[252/313] MDAMB415 (breast) — 1 found, 1 passed triage, 0 with full text
[253/313] MDAMB134VI (breast) — searching...
[253/313] MDAMB134VI (breast) — 0 found, 0 passed triage, 0 with full text
[254/313] HCC1500 (breast) — searching...
  [429] Rate limited — waiting 1.0s before retry 1/6
[254/313] HCC1500 (breast) — 0 found, 0 passed triage, 0 with full text
[255/313] BT483 (breast) — searching...
[255/313] BT483 (breast) — 0 found, 0 passed triage, 0 with full text
[256/313] HDQP1 (breast) — searching...
[256/313] HDQP1 (breast) — 1 found, 0 passed triage, 0 with full text
[257/313] SUM185PE (breast) — searching...
[257/313] SUM185PE (breast) — 0 found, 0 passed triage, 0 with full text
[258/313] SUM44PE (breast) — searching...
[258/313] SUM44PE (breast) — 0 found, 0 passed triage, 0 with full text
[259/313] HCC202 (breast) — searching...
[259/313] HCC202 (breast) — 0 found, 0 passed triage, 0 with full text
[260/313] SUM102PT (breast) — searching...
[260/313] SUM102PT (breast) — 0 found, 0 passed triage, 0 with full text
[261/313] MDAMB175VII (breast) — searching...
[261/313] MDAMB175VII (breast) — 0 found, 0 passed triage, 0 with full text
[262/313] PSN1 (pancreas) — searching...
[262/313] PSN1 (pancreas) — 2 found, 2 passed triage, 1 with full text
[263/313] HUPT3 (pancreas) — searching...
[263/313] HUPT3 (pancreas) — 0 found, 0 passed triage, 0 with full text
[264/313] DANG (pancreas) — searching...
[264/313] DANG (pancreas) — 20 found, 0 passed triage, 0 with full text
[265/313] PATU8902 (pancreas) — searching...
[265/313] PATU8902 (pancreas) — 0 found, 0 passed triage, 0 with full text
[266/313] PANC1005 (pancreas) — searching...
[266/313] PANC1005 (pancreas) — 0 found, 0 passed triage, 0 with full text
[267/313] PATU8988T (pancreas) — searching...
[267/313] PATU8988T (pancreas) — 0 found, 0 passed triage, 0 with full text
[268/313] PANC0813 (pancreas) — searching...
[268/313] PANC0813 (pancreas) — 0 found, 0 passed triage, 0 with full text
[269/313] MIAPACA2 (pancreas) — searching...
  [429] Rate limited — waiting 1.0s before retry 1/6
[269/313] MIAPACA2 (pancreas) — 20 found, 15 passed triage, 9 with full text
[270/313] KP4 (pancreas) — searching...
[270/313] KP4 (pancreas) — 0 found, 0 passed triage, 0 with full text
[271/313] PK1 (pancreas) — searching...
  [429] Rate limited — waiting 1.0s before retry 1/6
[271/313] PK1 (pancreas) — 20 found, 12 passed triage, 3 with full text
[272/313] SUIT2 (pancreas) — searching...
[272/313] SUIT2 (pancreas) — 2 found, 2 passed triage, 2 with full text
[273/313] L33 (pancreas) — searching...
[273/313] L33 (pancreas) — 0 found, 0 passed triage, 0 with full text
[274/313] CAPAN1 (pancreas) — searching...
  [429] Rate limited — waiting 1.0s before retry 1/6
  [429] Rate limited — waiting 1.0s before retry 1/6
[274/313] CAPAN1 (pancreas) — 9 found, 9 passed triage, 6 with full text
[275/313] CFPAC1 (pancreas) — searching...
[275/313] CFPAC1 (pancreas) — 6 found, 5 passed triage, 3 with full text
[276/313] HPAFII (pancreas) — searching...
[276/313] HPAFII (pancreas) — 4 found, 0 passed triage, 0 with full text
[277/313] SW1990 (pancreas) — searching...
  [429] Rate limited — waiting 1.0s before retry 1/6
  [429] Rate limited — waiting 1.0s before retry 1/6
[277/313] SW1990 (pancreas) — 16 found, 16 passed triage, 10 with full text
[278/313] HUPT4 (pancreas) — searching...
  [429] Rate limited — waiting 1.0s before retry 1/6
[278/313] HUPT4 (pancreas) — 0 found, 0 passed triage, 0 with full text
[279/313] PACADD161 (pancreas) — searching...
[279/313] PACADD161 (pancreas) — 0 found, 0 passed triage, 0 with full text
[280/313] PANC0203 (pancreas) — searching...
[280/313] PANC0203 (pancreas) — 0 found, 0 passed triage, 0 with full text
[281/313] PACADD137 (pancreas) — searching...
[281/313] PACADD137 (pancreas) — 0 found, 0 passed triage, 0 with full text
[282/313] HS766T (pancreas) — searching...
[282/313] HS766T (pancreas) — 0 found, 0 passed triage, 0 with full text
[283/313] T3M4 (pancreas) — searching...
[283/313] T3M4 (pancreas) — 0 found, 0 passed triage, 0 with full text
[284/313] PK8 (pancreas) — searching...
[284/313] PK8 (pancreas) — 0 found, 0 passed triage, 0 with full text
[285/313] KP3 (pancreas) — searching...
[285/313] KP3 (pancreas) — 0 found, 0 passed triage, 0 with full text
[286/313] PANC0327 (pancreas) — searching...
[286/313] PANC0327 (pancreas) — 0 found, 0 passed triage, 0 with full text
[287/313] PANC0403 (pancreas) — searching...
[287/313] PANC0403 (pancreas) — 0 found, 0 passed triage, 0 with full text
[288/313] ASPC1 (pancreas) — searching...
  [429] Rate limited — waiting 1.0s before retry 1/6
  [429] Rate limited — waiting 1.0s before retry 1/6
  [429] Rate limited — waiting 1.0s before retry 1/6
[288/313] ASPC1 (pancreas) — 20 found, 17 passed triage, 12 with full text
[289/313] PANC1 (pancreas) — searching...
[289/313] PANC1 (pancreas) — 20 found, 19 passed triage, 13 with full text
[290/313] PACADD165 (pancreas) — searching...
  [429] Rate limited — waiting 1.0s before retry 1/6
[290/313] PACADD165 (pancreas) — 0 found, 0 passed triage, 0 with full text
[291/313] PATU8988S (pancreas) — searching...
  [429] Rate limited — waiting 1.0s before retry 1/6
[291/313] PATU8988S (pancreas) — 0 found, 0 passed triage, 0 with full text
[292/313] KP2 (pancreas) — searching...
  [429] Rate limited — waiting 1.0s before retry 1/6
[292/313] KP2 (pancreas) — 2 found, 2 passed triage, 1 with full text
[293/313] PK45H (pancreas) — searching...
  [429] Rate limited — waiting 1.0s before retry 1/6
[293/313] PK45H (pancreas) — 0 found, 0 passed triage, 0 with full text
[294/313] TCCPAN2 (pancreas) — searching...
[294/313] TCCPAN2 (pancreas) — 0 found, 0 passed triage, 0 with full text
[295/313] PACADD119 (pancreas) — searching...
[295/313] PACADD119 (pancreas) — 0 found, 0 passed triage, 0 with full text
[296/313] BXPC3 (pancreas) — searching...
  [429] Rate limited — waiting 1.0s before retry 1/6
  [429] Rate limited — waiting 1.0s before retry 1/6
[296/313] BXPC3 (pancreas) — 20 found, 20 passed triage, 12 with full text
[297/313] 9505BIK (pancreas) — searching...
[297/313] 9505BIK (pancreas) — 0 found, 0 passed triage, 0 with full text
[298/313] SNU410 (pancreas) — searching...
[298/313] SNU410 (pancreas) — 0 found, 0 passed triage, 0 with full text
[299/313] SNU213 (pancreas) — searching...
[299/313] SNU213 (pancreas) — 0 found, 0 passed triage, 0 with full text
[300/313] KCIMOH1 (pancreas) — searching...
[300/313] KCIMOH1 (pancreas) — 0 found, 0 passed triage, 0 with full text
[301/313] HPAC (pancreas) — searching...
[301/313] HPAC (pancreas) — 0 found, 0 passed triage, 0 with full text
[302/313] SNU324 (pancreas) — searching...
[302/313] SNU324 (pancreas) — 0 found, 0 passed triage, 0 with full text
[303/313] YAPC (pancreas) — searching...
[303/313] YAPC (pancreas) — 0 found, 0 passed triage, 0 with full text
[304/313] PACADD188 (pancreas) — searching...
  [429] Rate limited — waiting 1.0s before retry 1/6
[304/313] PACADD188 (pancreas) — 0 found, 0 passed triage, 0 with full text
[305/313] PANC0504 (pancreas) — searching...
[305/313] PANC0504 (pancreas) — 0 found, 0 passed triage, 0 with full text
[306/313] JOPACA1 (pancreas) — searching...
[306/313] JOPACA1 (pancreas) — 1 found, 0 passed triage, 0 with full text
[307/313] CAPAN2 (pancreas) — searching...
  [429] Rate limited — waiting 1.0s before retry 1/6
  [429] Rate limited — waiting 1.0s before retry 1/6
  [429] Rate limited — waiting 1.0s before retry 1/6
[307/313] CAPAN2 (pancreas) — 5 found, 5 passed triage, 3 with full text
[308/313] QGP1 (pancreas) — searching...
[308/313] QGP1 (pancreas) — 2 found, 2 passed triage, 2 with full text
[309/313] PK59 (pancreas) — searching...
[309/313] PK59 (pancreas) — 0 found, 0 passed triage, 0 with full text
[310/313] SU8686 (pancreas) — searching...
[310/313] SU8686 (pancreas) — 0 found, 0 passed triage, 0 with full text
[311/313] PANC0213 (pancreas) — searching...
[311/313] PANC0213 (pancreas) — 0 found, 0 passed triage, 0 with full text
[312/313] PACADD159 (pancreas) — searching...
[312/313] PACADD159 (pancreas) — 0 found, 0 passed triage, 0 with full text
[313/313] PACADD135 (pancreas) — searching...
[313/313] PACADD135 (pancreas) — 0 found, 0 passed triage, 0 with full text

=== PHASE 1 COMPLETE ===
Total cell lines searched : 313
Cell lines with MYC papers: 104
Cell lines with no results: 209
Total papers in results.csv: 671
Papers with full text      : 393
Papers with abstract only  : 278
papers/ folder ready for Phase 2.
